INFO: Job (PID=37980, 'scheduled task 032') took 0min 33s
INFO: Job (PID=37980, 'scheduled task 032') took 0min 33s
INFO: Job (PID=57672, 'scheduled task 796') took 0min 7s
INFO: Job (PID=10515, 'scheduled task 386') took 1min 51s
INFO: Job (PID=23118, 'scheduled task 188') took 0min 39s
INFO: Job (PID=60134, 'background job ulp') took 0min 44s
INFO: Job (PID=90962, 'scheduled task 996') took 1min 55s
INFO: Job (PID=90812, 'background job dej') took 4min 6s
INFO: Job (PID=75164, 'scheduled task 173') took 1min 4s
INFO: Job (PID=36709, 'background job djw') took 0min 50s
INFO: Job (PID=26831, 'scheduled task 538') took 2min 12s
INFO: Job (PID=47139, 'scheduled task 946') took 3min 26s
ERROR: Job (PID=39547, 'scheduled task 051') took 11min 29s
ERROR: Job (PID=45135, 'scheduled task 515') took 12min 23s
INFO: Job (PID=32904, 'scheduled task 697') took 0min 34s
WARNING: Job (PID=71766, 'scheduled task 074') took 5min 47s
INFO: Job (PID=24799, 'scheduled task 536') took 0min 7s
ERROR: Job (PID=81258, 'background job wmy') took 14min 46s
INFO: Job (PID=32674, 'scheduled task 626') took 1min 26s
INFO: Job (PID=38579, 'background job you') took 3min 33s
WARNING: Job (PID=87228, 'scheduled task 268') took 9min 28s
WARNING: Job (PID=50295, 'scheduled task 811') took 6min 35s
INFO: Job (PID=55722, 'background job cmx') took 0min 47s
INFO: Job (PID=33528, 'scheduled task 706') took 3min 22s
WARNING: Job (PID=27222, 'scheduled task 294') took 6min 8s
INFO: Job (PID=64591, 'scheduled task 521') took 1min 50s
INFO: Job (PID=67833, 'scheduled task 080') took 3min 35s
WARNING: Job (PID=87570, 'scheduled task 794') took 7min 53s
WARNING: Job (PID=99672, 'background job sqm') took 5min 13s
INFO: Job (PID=96183, 'scheduled task 678') took 4min 14s
INFO: Job (PID=16168, 'scheduled task 773') took 0min 16s
INFO: Job (PID=34189, 'scheduled task 920') took 3min 19s
WARNING: Job (PID=86716, 'background job xfg') took 5min 34s
ERROR: Job (PID=22003, 'scheduled task 004') took 11min 13s
ERROR: Job (PID=85742, 'scheduled task 064') took 12min 17s
INFO: Job (PID=81470, 'background job wiy') took 1min 3s
WARNING: Job (PID=98746, 'scheduled task 746') took 7min 17s
ERROR: Job (PID=39860, 'scheduled task 460') took 19min 52s
ERROR: Job (PID=52532, 'background job tqc') took 13min 53s
INFO: Job (PID=62922, 'scheduled task 531') took 0min 49s
ERROR: Job (PID=62401, 'scheduled task 936') took 10min 24s
ERROR: Job (PID=23703, 'scheduled task 374') took 13min 26s
ERROR: Job (PID=70808, 'scheduled task 182') took 33min 43s
WARNING: Job (PID=24482, 'scheduled task 672') took 8min 36s
WARNING: PID=72029, 'scheduled task 333' has no END record in the log file
WARNING: PID=72897, 'scheduled task 016' has no END record in the log file
INFO: Job (PID=37980, 'scheduled task 032') took 0min 33s
INFO: Job (PID=57672, 'scheduled task 796') took 0min 7s
INFO: Job (PID=10515, 'scheduled task 386') took 1min 51s
INFO: Job (PID=23118, 'scheduled task 188') took 0min 39s
INFO: Job (PID=60134, 'background job ulp') took 0min 44s
INFO: Job (PID=90962, 'scheduled task 996') took 1min 55s
INFO: Job (PID=90812, 'background job dej') took 4min 6s
INFO: Job (PID=75164, 'scheduled task 173') took 1min 4s
INFO: Job (PID=36709, 'background job djw') took 0min 50s
INFO: Job (PID=26831, 'scheduled task 538') took 2min 12s
INFO: Job (PID=47139, 'scheduled task 946') took 3min 26s
ERROR: Job (PID=39547, 'scheduled task 051') took 11min 29s
ERROR: Job (PID=45135, 'scheduled task 515') took 12min 23s
INFO: Job (PID=32904, 'scheduled task 697') took 0min 34s
WARNING: Job (PID=71766, 'scheduled task 074') took 5min 47s
INFO: Job (PID=24799, 'scheduled task 536') took 0min 7s
ERROR: Job (PID=81258, 'background job wmy') took 14min 46s
INFO: Job (PID=32674, 'scheduled task 626') took 1min 26s
INFO: Job (PID=38579, 'background job you') took 3min 33s
WARNING: Job (PID=87228, 'scheduled task 268') took 9min 28s
WARNING: Job (PID=50295, 'scheduled task 811') took 6min 35s
INFO: Job (PID=55722, 'background job cmx') took 0min 47s
INFO: Job (PID=33528, 'scheduled task 706') took 3min 22s
WARNING: Job (PID=27222, 'scheduled task 294') took 6min 8s
INFO: Job (PID=64591, 'scheduled task 521') took 1min 50s
INFO: Job (PID=67833, 'scheduled task 080') took 3min 35s
WARNING: Job (PID=87570, 'scheduled task 794') took 7min 53s
WARNING: Job (PID=99672, 'background job sqm') took 5min 13s
INFO: Job (PID=96183, 'scheduled task 678') took 4min 14s
INFO: Job (PID=16168, 'scheduled task 773') took 0min 16s
INFO: Job (PID=34189, 'scheduled task 920') took 3min 19s
WARNING: Job (PID=86716, 'background job xfg') took 5min 34s
ERROR: Job (PID=22003, 'scheduled task 004') took 11min 13s
ERROR: Job (PID=85742, 'scheduled task 064') took 12min 17s
INFO: Job (PID=81470, 'background job wiy') took 1min 3s
WARNING: Job (PID=98746, 'scheduled task 746') took 7min 17s
ERROR: Job (PID=39860, 'scheduled task 460') took 19min 52s
ERROR: Job (PID=52532, 'background job tqc') took 13min 53s
INFO: Job (PID=62922, 'scheduled task 531') took 0min 49s
ERROR: Job (PID=62401, 'scheduled task 936') took 10min 24s
ERROR: Job (PID=23703, 'scheduled task 374') took 13min 26s
ERROR: Job (PID=70808, 'scheduled task 182') took 33min 43s
WARNING: Job (PID=24482, 'scheduled task 672') took 8min 36s
WARNING: PID=72029, 'scheduled task 333' has no END record in the log file
WARNING: PID=72897, 'scheduled task 016' has no END record in the log file
WARNING: Malformed line (skipping): bad_line_without_commas
WARNING: Malformed line (skipping): bad_line_without_commas
